[2m2021-02-24 17:10:25.915[0;39m [  ] [32m INFO[0;39m [35m23224[0;39m [2m---[0;39m [2m[  restartedMain][0;39m [36mcom.revature.Project1Application        [0;39m [2m:[0;39m Starting Project1Application using Java 15.0.1 on DESKTOP-5T0T0D3 with PID 23224 (C:\Users\Elizabeth\Documents\Revature\mydir\MyProjects\Project1\target\classes started by Elizabeth in C:\Users\Elizabeth\Documents\Revature\mydir\MyProjects\Project1)
[2m2021-02-24 17:10:27.952[0;39m [  ] [32m INFO[0;39m [35m23224[0;39m [2m---[0;39m [2m[  restartedMain][0;39m [36mcom.revature.Project1Application        [0;39m [2m:[0;39m No active profile set, falling back to default profiles: default
[2m2021-02-24 17:10:34.620[0;39m [  ] [32m INFO[0;39m [35m23224[0;39m [2m---[0;39m [2m[  restartedMain][0;39m [36mcom.revature.Project1Application        [0;39m [2m:[0;39m Started Project1Application in 11.085 seconds (JVM running for 12.089)
[2m2021-02-24 17:12:00.618[0;39m [ event=create, userID=0 ] [32m INFO[0;39m [35m23224[0;39m [2m---[0;39m [2m[nio-8080-exec-4][0;39m [36mcom.revature.services.UserService       [0;39m [2m:[0;39m User 0 created
[2m2021-02-24 17:12:48.484[0;39m [  ] [32m INFO[0;39m [35m8292[0;39m [2m---[0;39m [2m[  restartedMain][0;39m [36mcom.revature.Project1Application        [0;39m [2m:[0;39m Starting Project1Application using Java 15.0.1 on DESKTOP-5T0T0D3 with PID 8292 (C:\Users\Elizabeth\Documents\Revature\mydir\MyProjects\Project1\target\classes started by Elizabeth in C:\Users\Elizabeth\Documents\Revature\mydir\MyProjects\Project1)
[2m2021-02-24 17:12:50.509[0;39m [  ] [32m INFO[0;39m [35m8292[0;39m [2m---[0;39m [2m[  restartedMain][0;39m [36mcom.revature.Project1Application        [0;39m [2m:[0;39m No active profile set, falling back to default profiles: default
[2m2021-02-24 17:12:56.442[0;39m [  ] [32m INFO[0;39m [35m8292[0;39m [2m---[0;39m [2m[  restartedMain][0;39m [36mcom.revature.Project1Application        [0;39m [2m:[0;39m Started Project1Application in 10.327 seconds (JVM running for 11.257)
[2m2021-02-24 17:14:54.903[0;39m [ event=login, userID=15 ] [32m INFO[0;39m [35m8292[0;39m [2m---[0;39m [2m[nio-8080-exec-4][0;39m [36mcom.revature.services.UserService       [0;39m [2m:[0;39m evilla4051 logged on
[2m2021-02-24 17:15:06.191[0;39m [ event=delete, userID=15 ] [32m INFO[0;39m [35m8292[0;39m [2m---[0;39m [2m[nio-8080-exec-6][0;39m [36mcom.revature.services.UserService       [0;39m [2m:[0;39m User 15 deleted
[2m2021-02-24 17:16:34.831[0;39m [  ] [32m INFO[0;39m [35m8292[0;39m [2m---[0;39m [2m[  restartedMain][0;39m [36mcom.revature.Project1Application        [0;39m [2m:[0;39m Starting Project1Application using Java 15.0.1 on DESKTOP-5T0T0D3 with PID 8292 (C:\Users\Elizabeth\Documents\Revature\mydir\MyProjects\Project1\target\classes started by Elizabeth in C:\Users\Elizabeth\Documents\Revature\mydir\MyProjects\Project1)
[2m2021-02-24 17:16:36.847[0;39m [  ] [32m INFO[0;39m [35m8292[0;39m [2m---[0;39m [2m[  restartedMain][0;39m [36mcom.revature.Project1Application        [0;39m [2m:[0;39m No active profile set, falling back to default profiles: default
[2m2021-02-24 17:16:38.535[0;39m [  ] [32m INFO[0;39m [35m8292[0;39m [2m---[0;39m [2m[  restartedMain][0;39m [36mcom.revature.Project1Application        [0;39m [2m:[0;39m Started Project1Application in 5.781 seconds (JVM running for 233.351)
[2m2021-02-24 17:27:08.979[0;39m [  ] [32m INFO[0;39m [35m8292[0;39m [2m---[0;39m [2m[  restartedMain][0;39m [36mcom.revature.Project1Application        [0;39m [2m:[0;39m Starting Project1Application using Java 15.0.1 on DESKTOP-5T0T0D3 with PID 8292 (C:\Users\Elizabeth\Documents\Revature\mydir\MyProjects\Project1\target\classes started by Elizabeth in C:\Users\Elizabeth\Documents\Revature\mydir\MyProjects\Project1)
[2m2021-02-24 17:27:10.992[0;39m [  ] [32m INFO[0;39m [35m8292[0;39m [2m---[0;39m [2m[  restartedMain][0;39m [36mcom.revature.Project1Application        [0;39m [2m:[0;39m No active profile set, falling back to default profiles: default
[2m2021-02-24 17:27:13.472[0;39m [  ] [32m INFO[0;39m [35m8292[0;39m [2m---[0;39m [2m[  restartedMain][0;39m [36mcom.revature.Project1Application        [0;39m [2m:[0;39m Started Project1Application in 6.565 seconds (JVM running for 868.288)
[2m2021-02-24 17:33:13.318[0;39m [  ] [32m INFO[0;39m [35m8292[0;39m [2m---[0;39m [2m[  restartedMain][0;39m [36mcom.revature.Project1Application        [0;39m [2m:[0;39m Starting Project1Application using Java 15.0.1 on DESKTOP-5T0T0D3 with PID 8292 (C:\Users\Elizabeth\Documents\Revature\mydir\MyProjects\Project1\target\classes started by Elizabeth in C:\Users\Elizabeth\Documents\Revature\mydir\MyProjects\Project1)
[2m2021-02-24 17:33:15.324[0;39m [  ] [32m INFO[0;39m [35m8292[0;39m [2m---[0;39m [2m[  restartedMain][0;39m [36mcom.revature.Project1Application        [0;39m [2m:[0;39m No active profile set, falling back to default profiles: default
[2m2021-02-24 17:33:17.044[0;39m [  ] [32m INFO[0;39m [35m8292[0;39m [2m---[0;39m [2m[  restartedMain][0;39m [36mcom.revature.Project1Application        [0;39m [2m:[0;39m Started Project1Application in 5.805 seconds (JVM running for 1231.86)
2021-02-24 17:33:25.132 [  ]  INFO 15580 --- [           main] com.revature.Project1ApplicationTests    : Starting Project1ApplicationTests using Java 1.8.0_281 on DESKTOP-5T0T0D3 with PID 15580 (started by Elizabeth in C:\Users\Elizabeth\Documents\Revature\mydir\MyProjects\Project1)
2021-02-24 17:33:27.151 [  ]  INFO 15580 --- [           main] com.revature.Project1ApplicationTests    : No active profile set, falling back to default profiles: default
2021-02-24 17:33:37.114 [  ]  INFO 15580 --- [           main] com.revature.Project1ApplicationTests    : Started Project1ApplicationTests in 14.508 seconds (JVM running for 16.639)
[2m2021-02-24 17:43:20.541[0;39m [ event=login, userID=1 ] [32m INFO[0;39m [35m8292[0;39m [2m---[0;39m [2m[nio-8080-exec-5][0;39m [36mcom.revature.services.UserService       [0;39m [2m:[0;39m evilla40 logged on
2021-02-24 18:14:13.594 [  ]  INFO 24020 --- [           main] com.revature.Project1ApplicationTests    : Starting Project1ApplicationTests using Java 1.8.0_281 on DESKTOP-5T0T0D3 with PID 24020 (started by Elizabeth in C:\Users\Elizabeth\Documents\Revature\mydir\MyProjects\Project1)
2021-02-24 18:14:15.644 [  ]  INFO 24020 --- [           main] com.revature.Project1ApplicationTests    : No active profile set, falling back to default profiles: default
2021-02-24 18:14:25.050 [  ]  INFO 24020 --- [           main] com.revature.Project1ApplicationTests    : Started Project1ApplicationTests in 13.88 seconds (JVM running for 15.118)
2021-02-25 18:16:15.927 [  ]  INFO 9784 --- [           main] com.revature.Project1ApplicationTests    : Starting Project1ApplicationTests using Java 1.8.0_281 on DESKTOP-5T0T0D3 with PID 9784 (started by Elizabeth in C:\Users\Elizabeth\Documents\Revature\mydir\MyProjects\Project1)
2021-02-25 18:16:17.981 [  ]  INFO 9784 --- [           main] com.revature.Project1ApplicationTests    : No active profile set, falling back to default profiles: default
2021-02-25 18:16:26.005 [  ]  INFO 9784 --- [           main] com.revature.Project1ApplicationTests    : Started Project1ApplicationTests in 12.538 seconds (JVM running for 14.105)
2021-02-25 18:16:28.268 [  ]  INFO 9784 --- [           main] c.revature.SpringBootJPAIntegrationTest  : Starting SpringBootJPAIntegrationTest using Java 1.8.0_281 on DESKTOP-5T0T0D3 with PID 9784 (started by Elizabeth in C:\Users\Elizabeth\Documents\Revature\mydir\MyProjects\Project1)
2021-02-25 18:16:28.269 [  ]  INFO 9784 --- [           main] c.revature.SpringBootJPAIntegrationTest  : No active profile set, falling back to default profiles: default
2021-02-25 18:16:28.293 [  ]  INFO 9784 --- [           main] c.revature.SpringBootJPAIntegrationTest  : Started SpringBootJPAIntegrationTest in 0.067 seconds (JVM running for 16.393)
2021-02-25 18:32:06.262 [  ]  INFO 14500 --- [           main] com.revature.Project1ApplicationTests    : Starting Project1ApplicationTests using Java 1.8.0_281 on DESKTOP-5T0T0D3 with PID 14500 (started by Elizabeth in C:\Users\Elizabeth\Documents\Revature\mydir\MyProjects\Project1)
2021-02-25 18:32:08.314 [  ]  INFO 14500 --- [           main] com.revature.Project1ApplicationTests    : No active profile set, falling back to default profiles: default
2021-02-25 18:32:17.211 [  ]  INFO 14500 --- [           main] com.revature.Project1ApplicationTests    : Started Project1ApplicationTests in 13.456 seconds (JVM running for 15.047)
2021-02-25 18:32:19.575 [  ]  INFO 14500 --- [           main] c.revature.SpringBootJPAIntegrationTest  : Starting SpringBootJPAIntegrationTest using Java 1.8.0_281 on DESKTOP-5T0T0D3 with PID 14500 (started by Elizabeth in C:\Users\Elizabeth\Documents\Revature\mydir\MyProjects\Project1)
2021-02-25 18:32:19.577 [  ]  INFO 14500 --- [           main] c.revature.SpringBootJPAIntegrationTest  : No active profile set, falling back to default profiles: default
2021-02-25 18:32:19.606 [  ]  INFO 14500 --- [           main] c.revature.SpringBootJPAIntegrationTest  : Started SpringBootJPAIntegrationTest in 0.088 seconds (JVM running for 17.442)
2021-02-25 19:01:22.252 [  ]  INFO 19044 --- [           main] com.revature.Project1ApplicationTests    : Starting Project1ApplicationTests using Java 1.8.0_281 on DESKTOP-5T0T0D3 with PID 19044 (started by Elizabeth in C:\Users\Elizabeth\Documents\Revature\mydir\MyProjects\Project1)
2021-02-25 19:01:24.283 [  ]  INFO 19044 --- [           main] com.revature.Project1ApplicationTests    : No active profile set, falling back to default profiles: default
2021-02-25 19:01:33.400 [  ]  INFO 19044 --- [           main] com.revature.Project1ApplicationTests    : Started Project1ApplicationTests in 13.664 seconds (JVM running for 15.135)
2021-02-25 19:10:04.762 [  ]  INFO 10284 --- [           main] com.revature.Project1ApplicationTests    : Starting Project1ApplicationTests using Java 1.8.0_281 on DESKTOP-5T0T0D3 with PID 10284 (started by Elizabeth in C:\Users\Elizabeth\Documents\Revature\mydir\MyProjects\Project1)
2021-02-25 19:10:06.787 [  ]  INFO 10284 --- [           main] com.revature.Project1ApplicationTests    : No active profile set, falling back to default profiles: default
2021-02-25 19:10:15.662 [  ]  INFO 10284 --- [           main] com.revature.Project1ApplicationTests    : Started Project1ApplicationTests in 13.429 seconds (JVM running for 14.841)
2021-02-26 18:28:34.188 [  ]  INFO 10988 --- [           main] com.revature.Project1ApplicationTests    : Starting Project1ApplicationTests using Java 1.8.0_281 on DESKTOP-5T0T0D3 with PID 10988 (started by Elizabeth in C:\Users\Elizabeth\Documents\Revature\mydir\MyProjects\Project1)
2021-02-26 18:28:34.206 [  ]  INFO 10988 --- [           main] com.revature.Project1ApplicationTests    : No active profile set, falling back to default profiles: default
2021-02-26 18:28:41.879 [  ]  INFO 10988 --- [           main] com.revature.Project1ApplicationTests    : Started Project1ApplicationTests in 10.418 seconds (JVM running for 11.711)
2021-02-26 18:34:19.689 [  ]  INFO 25184 --- [           main] com.revature.Project1ApplicationTests    : Starting Project1ApplicationTests using Java 1.8.0_281 on DESKTOP-5T0T0D3 with PID 25184 (started by Elizabeth in C:\Users\Elizabeth\Documents\Revature\mydir\MyProjects\Project1)
2021-02-26 18:34:19.710 [  ]  INFO 25184 --- [           main] com.revature.Project1ApplicationTests    : No active profile set, falling back to default profiles: default
2021-02-26 18:34:35.357 [  ]  INFO 25184 --- [           main] com.revature.Project1ApplicationTests    : Started Project1ApplicationTests in 18.36 seconds (JVM running for 19.995)
[2m2021-02-26 19:49:16.297[0;39m [  ] [32m INFO[0;39m [35m18272[0;39m [2m---[0;39m [2m[  restartedMain][0;39m [36mcom.revature.Project1Application        [0;39m [2m:[0;39m Starting Project1Application using Java 15.0.1 on DESKTOP-5T0T0D3 with PID 18272 (C:\Users\Elizabeth\Documents\Revature\mydir\MyProjects\Project1\target\classes started by Elizabeth in C:\Users\Elizabeth\Documents\Revature\mydir\MyProjects\Project1)
[2m2021-02-26 19:49:16.309[0;39m [  ] [32m INFO[0;39m [35m18272[0;39m [2m---[0;39m [2m[  restartedMain][0;39m [36mcom.revature.Project1Application        [0;39m [2m:[0;39m No active profile set, falling back to default profiles: default
[2m2021-02-27 15:34:54.116[0;39m [  ] [32m INFO[0;39m [35m11616[0;39m [2m---[0;39m [2m[  restartedMain][0;39m [36mcom.revature.Project1Application        [0;39m [2m:[0;39m Starting Project1Application using Java 15.0.1 on DESKTOP-5T0T0D3 with PID 11616 (C:\Users\Elizabeth\Documents\Revature\mydir\MyProjects\Project1\target\classes started by Elizabeth in C:\Users\Elizabeth\Documents\Revature\mydir\MyProjects\Project1)
[2m2021-02-27 15:34:54.129[0;39m [  ] [32m INFO[0;39m [35m11616[0;39m [2m---[0;39m [2m[  restartedMain][0;39m [36mcom.revature.Project1Application        [0;39m [2m:[0;39m No active profile set, falling back to default profiles: default
[2m2021-02-27 15:35:00.734[0;39m [  ] [32m INFO[0;39m [35m11616[0;39m [2m---[0;39m [2m[  restartedMain][0;39m [36mcom.revature.Project1Application        [0;39m [2m:[0;39m Started Project1Application in 9.434 seconds (JVM running for 10.688)
[2m2021-02-27 15:52:22.361[0;39m [  ] [32m INFO[0;39m [35m11616[0;39m [2m---[0;39m [2m[  restartedMain][0;39m [36mcom.revature.Project1Application        [0;39m [2m:[0;39m Starting Project1Application using Java 15.0.1 on DESKTOP-5T0T0D3 with PID 11616 (C:\Users\Elizabeth\Documents\Revature\mydir\MyProjects\Project1\target\classes started by Elizabeth in C:\Users\Elizabeth\Documents\Revature\mydir\MyProjects\Project1)
[2m2021-02-27 15:52:24.369[0;39m [  ] [32m INFO[0;39m [35m11616[0;39m [2m---[0;39m [2m[  restartedMain][0;39m [36mcom.revature.Project1Application        [0;39m [2m:[0;39m No active profile set, falling back to default profiles: default
[2m2021-02-27 15:52:26.671[0;39m [  ] [32m INFO[0;39m [35m11616[0;39m [2m---[0;39m [2m[  restartedMain][0;39m [36mcom.revature.Project1Application        [0;39m [2m:[0;39m Started Project1Application in 6.719 seconds (JVM running for 1056.624)
[2m2021-02-27 15:52:33.691[0;39m [  ] [32m INFO[0;39m [35m11616[0;39m [2m---[0;39m [2m[  restartedMain][0;39m [36mcom.revature.Project1Application        [0;39m [2m:[0;39m Starting Project1Application using Java 15.0.1 on DESKTOP-5T0T0D3 with PID 11616 (C:\Users\Elizabeth\Documents\Revature\mydir\MyProjects\Project1\target\classes started by Elizabeth in C:\Users\Elizabeth\Documents\Revature\mydir\MyProjects\Project1)
[2m2021-02-27 15:52:35.698[0;39m [  ] [32m INFO[0;39m [35m11616[0;39m [2m---[0;39m [2m[  restartedMain][0;39m [36mcom.revature.Project1Application        [0;39m [2m:[0;39m No active profile set, falling back to default profiles: default
[2m2021-02-27 15:52:38.235[0;39m [  ] [32m INFO[0;39m [35m11616[0;39m [2m---[0;39m [2m[  restartedMain][0;39m [36mcom.revature.Project1Application        [0;39m [2m:[0;39m Started Project1Application in 6.639 seconds (JVM running for 1068.189)
[2m2021-02-27 15:52:40.795[0;39m [  ] [32m INFO[0;39m [35m25128[0;39m [2m---[0;39m [2m[  restartedMain][0;39m [36mcom.revature.Project1Application        [0;39m [2m:[0;39m Starting Project1Application using Java 15.0.1 on DESKTOP-5T0T0D3 with PID 25128 (C:\Users\Elizabeth\Documents\Revature\mydir\MyProjects\Project1\target\classes started by Elizabeth in C:\Users\Elizabeth\Documents\Revature\mydir\MyProjects\Project1)
[2m2021-02-27 15:52:42.301[0;39m [  ] [32m INFO[0;39m [35m11616[0;39m [2m---[0;39m [2m[  restartedMain][0;39m [36mcom.revature.Project1Application        [0;39m [2m:[0;39m Starting Project1Application using Java 15.0.1 on DESKTOP-5T0T0D3 with PID 11616 (C:\Users\Elizabeth\Documents\Revature\mydir\MyProjects\Project1\target\classes started by Elizabeth in C:\Users\Elizabeth\Documents\Revature\mydir\MyProjects\Project1)
[2m2021-02-27 15:52:42.818[0;39m [  ] [32m INFO[0;39m [35m25128[0;39m [2m---[0;39m [2m[  restartedMain][0;39m [36mcom.revature.Project1Application        [0;39m [2m:[0;39m No active profile set, falling back to default profiles: default
[2m2021-02-27 15:52:44.315[0;39m [  ] [32m INFO[0;39m [35m11616[0;39m [2m---[0;39m [2m[  restartedMain][0;39m [36mcom.revature.Project1Application        [0;39m [2m:[0;39m No active profile set, falling back to default profiles: default
[2m2021-02-27 15:52:46.604[0;39m [  ] [32m INFO[0;39m [35m11616[0;39m [2m---[0;39m [2m[  restartedMain][0;39m [36mcom.revature.Project1Application        [0;39m [2m:[0;39m Started Project1Application in 6.392 seconds (JVM running for 1076.558)
[2m2021-02-27 15:59:26.035[0;39m [  ] [32m INFO[0;39m [35m23496[0;39m [2m---[0;39m [2m[  restartedMain][0;39m [36mcom.revature.Project1Application        [0;39m [2m:[0;39m Starting Project1Application using Java 15.0.1 on DESKTOP-5T0T0D3 with PID 23496 (C:\Users\Elizabeth\Documents\Revature\mydir\MyProjects\Project1\target\classes started by Elizabeth in C:\Users\Elizabeth\Documents\Revature\mydir\MyProjects\Project1)
[2m2021-02-27 15:59:26.042[0;39m [  ] [32m INFO[0;39m [35m23496[0;39m [2m---[0;39m [2m[  restartedMain][0;39m [36mcom.revature.Project1Application        [0;39m [2m:[0;39m No active profile set, falling back to default profiles: default
[2m2021-02-27 15:59:31.424[0;39m [  ] [32m INFO[0;39m [35m23496[0;39m [2m---[0;39m [2m[  restartedMain][0;39m [36mcom.revature.Project1Application        [0;39m [2m:[0;39m Started Project1Application in 5.778 seconds (JVM running for 6.7)
[2m2021-02-27 16:00:38.391[0;39m [ event=login, userID=1 ] [32m INFO[0;39m [35m23496[0;39m [2m---[0;39m [2m[nio-7000-exec-1][0;39m [36mcom.revature.services.UserService       [0;39m [2m:[0;39m evilla40 logged on
[2m2021-02-27 16:01:44.123[0;39m [  ] [32m INFO[0;39m [35m16072[0;39m [2m---[0;39m [2m[  restartedMain][0;39m [36mcom.revature.Project1Application        [0;39m [2m:[0;39m Starting Project1Application using Java 15.0.1 on DESKTOP-5T0T0D3 with PID 16072 (C:\Users\Elizabeth\Documents\Revature\mydir\MyProjects\Project1\target\classes started by Elizabeth in C:\Users\Elizabeth\Documents\Revature\mydir\MyProjects\Project1)
[2m2021-02-27 16:01:44.131[0;39m [  ] [32m INFO[0;39m [35m16072[0;39m [2m---[0;39m [2m[  restartedMain][0;39m [36mcom.revature.Project1Application        [0;39m [2m:[0;39m No active profile set, falling back to default profiles: default
[2m2021-02-27 16:01:49.646[0;39m [  ] [32m INFO[0;39m [35m16072[0;39m [2m---[0;39m [2m[  restartedMain][0;39m [36mcom.revature.Project1Application        [0;39m [2m:[0;39m Started Project1Application in 5.833 seconds (JVM running for 6.73)
[2m2021-02-27 16:01:56.875[0;39m [ event=login, userID=1 ] [32m INFO[0;39m [35m16072[0;39m [2m---[0;39m [2m[nio-7000-exec-1][0;39m [36mcom.revature.services.UserService       [0;39m [2m:[0;39m evilla40 logged on
[2m2021-02-27 16:08:56.385[0;39m [  ] [32m INFO[0;39m [35m17700[0;39m [2m---[0;39m [2m[  restartedMain][0;39m [36mcom.revature.Project1Application        [0;39m [2m:[0;39m Starting Project1Application using Java 15.0.1 on DESKTOP-5T0T0D3 with PID 17700 (C:\Users\Elizabeth\Documents\Revature\mydir\MyProjects\Project1\target\classes started by Elizabeth in C:\Users\Elizabeth\Documents\Revature\mydir\MyProjects\Project1)
[2m2021-02-27 16:08:56.396[0;39m [  ] [32m INFO[0;39m [35m17700[0;39m [2m---[0;39m [2m[  restartedMain][0;39m [36mcom.revature.Project1Application        [0;39m [2m:[0;39m No active profile set, falling back to default profiles: default
2021-03-01 10:39:13.411 [  ]  INFO 27368 --- [           main] com.revature.Project1ApplicationTests    : Starting Project1ApplicationTests using Java 1.8.0_281 on DESKTOP-5T0T0D3 with PID 27368 (started by Elizabeth in C:\Users\Elizabeth\Documents\Revature\mydir\MyProjects\Project1)
2021-03-01 10:39:13.434 [  ]  INFO 27368 --- [           main] com.revature.Project1ApplicationTests    : No active profile set, falling back to default profiles: default
2021-03-01 10:39:22.084 [  ]  INFO 27368 --- [           main] com.revature.Project1ApplicationTests    : Started Project1ApplicationTests in 11.423 seconds (JVM running for 12.842)
[2m2021-03-02 19:02:39.201[0;39m [  ] [32m INFO[0;39m [35m15424[0;39m [2m---[0;39m [2m[  restartedMain][0;39m [36mcom.revature.Project1Application        [0;39m [2m:[0;39m Starting Project1Application using Java 15.0.1 on DESKTOP-5T0T0D3 with PID 15424 (C:\Users\Elizabeth\Documents\Revature\mydir\MyProjects\Project1\target\classes started by Elizabeth in C:\Users\Elizabeth\Documents\Revature\mydir\MyProjects\Project1)
[2m2021-03-02 19:02:39.211[0;39m [  ] [32m INFO[0;39m [35m15424[0;39m [2m---[0;39m [2m[  restartedMain][0;39m [36mcom.revature.Project1Application        [0;39m [2m:[0;39m No active profile set, falling back to default profiles: default
[2m2021-03-02 19:19:00.315[0;39m [  ] [32m INFO[0;39m [35m25236[0;39m [2m---[0;39m [2m[  restartedMain][0;39m [36mcom.revature.Project1Application        [0;39m [2m:[0;39m Starting Project1Application using Java 15.0.1 on DESKTOP-5T0T0D3 with PID 25236 (C:\Users\Elizabeth\Documents\Revature\mydir\MyProjects\Project1\target\classes started by Elizabeth in C:\Users\Elizabeth\Documents\Revature\mydir\MyProjects\Project1)
[2m2021-03-02 19:19:00.326[0;39m [  ] [32m INFO[0;39m [35m25236[0;39m [2m---[0;39m [2m[  restartedMain][0;39m [36mcom.revature.Project1Application        [0;39m [2m:[0;39m No active profile set, falling back to default profiles: default
2021-03-03 15:45:04.841 [  ]  INFO 11448 --- [           main] com.revature.Project1ApplicationTests    : Starting Project1ApplicationTests using Java 1.8.0_281 on DESKTOP-5T0T0D3 with PID 11448 (started by Elizabeth in C:\Users\Elizabeth\Documents\Revature\mydir\MyProjects\Project1)
2021-03-03 15:45:04.862 [  ]  INFO 11448 --- [           main] com.revature.Project1ApplicationTests    : No active profile set, falling back to default profiles: default
2021-03-03 15:45:22.613 [  ]  INFO 11448 --- [           main] com.revature.Project1ApplicationTests    : Started Project1ApplicationTests in 20.589 seconds (JVM running for 22.163)
2021-03-03 16:01:41.819 [  ]  INFO 11504 --- [           main] com.revature.Project1ApplicationTests    : Starting Project1ApplicationTests using Java 1.8.0_281 on DESKTOP-5T0T0D3 with PID 11504 (started by Elizabeth in C:\Users\Elizabeth\Documents\Revature\mydir\MyProjects\Project1)
2021-03-03 16:01:41.855 [  ]  INFO 11504 --- [           main] com.revature.Project1ApplicationTests    : No active profile set, falling back to default profiles: default
2021-03-03 16:02:10.438 [  ]  INFO 11504 --- [           main] com.revature.Project1ApplicationTests    : Started Project1ApplicationTests in 32.075 seconds (JVM running for 35.553)
2021-03-03 19:39:18.876 [  ]  INFO 19920 --- [           main] com.revature.Project1ApplicationTests    : Starting Project1ApplicationTests using Java 1.8.0_281 on DESKTOP-5T0T0D3 with PID 19920 (started by Elizabeth in C:\Users\Elizabeth\Documents\Revature\mydir\MyProjects\Project1)
2021-03-03 19:39:18.890 [  ]  INFO 19920 --- [           main] com.revature.Project1ApplicationTests    : No active profile set, falling back to default profiles: default
2021-03-03 19:39:28.615 [  ]  INFO 19920 --- [           main] com.revature.Project1ApplicationTests    : Started Project1ApplicationTests in 10.217 seconds (JVM running for 11.613)
2021-03-03 19:40:45.493 [  ]  INFO 4140 --- [           main] com.revature.Project1ApplicationTests    : Starting Project1ApplicationTests using Java 1.8.0_281 on DESKTOP-5T0T0D3 with PID 4140 (started by Elizabeth in C:\Users\Elizabeth\Documents\Revature\mydir\MyProjects\Project1)
2021-03-03 19:40:45.512 [  ]  INFO 4140 --- [           main] com.revature.Project1ApplicationTests    : No active profile set, falling back to default profiles: default
2021-03-03 19:40:55.125 [  ]  INFO 4140 --- [           main] com.revature.Project1ApplicationTests    : Started Project1ApplicationTests in 10.449 seconds (JVM running for 12.989)
2021-03-04 09:27:24.238 [  ]  INFO 10736 --- [           main] com.revature.Project1ApplicationTests    : Starting Project1ApplicationTests using Java 1.8.0_281 on DESKTOP-5T0T0D3 with PID 10736 (started by Elizabeth in C:\Users\Elizabeth\Documents\Revature\mydir\MyProjects\Project1)
2021-03-04 09:27:24.278 [  ]  INFO 10736 --- [           main] com.revature.Project1ApplicationTests    : No active profile set, falling back to default profiles: default
2021-03-04 09:27:46.092 [  ]  INFO 10736 --- [           main] com.revature.Project1ApplicationTests    : Started Project1ApplicationTests in 22.939 seconds (JVM running for 26.806)
[2m2021-03-08 15:30:46.805[0;39m [  ] [32m INFO[0;39m [35m18004[0;39m [2m---[0;39m [2m[  restartedMain][0;39m [36mcom.revature.Project1Application        [0;39m [2m:[0;39m Starting Project1Application using Java 15.0.1 on DESKTOP-5T0T0D3 with PID 18004 (C:\Users\Elizabeth\Documents\Revature\mydir\MyProjects\Project1\target\classes started by Elizabeth in C:\Users\Elizabeth\Documents\Revature\mydir\MyProjects\Project1)
[2m2021-03-08 15:30:46.826[0;39m [  ] [32m INFO[0;39m [35m18004[0;39m [2m---[0;39m [2m[  restartedMain][0;39m [36mcom.revature.Project1Application        [0;39m [2m:[0;39m No active profile set, falling back to default profiles: default
[2m2021-03-08 15:31:23.951[0;39m [  ] [32m INFO[0;39m [35m29580[0;39m [2m---[0;39m [2m[  restartedMain][0;39m [36mcom.revature.Project1Application        [0;39m [2m:[0;39m Starting Project1Application using Java 15.0.1 on DESKTOP-5T0T0D3 with PID 29580 (C:\Users\Elizabeth\Documents\Revature\mydir\MyProjects\Project1\target\classes started by Elizabeth in C:\Users\Elizabeth\Documents\Revature\mydir\MyProjects\Project1)
[2m2021-03-08 15:31:23.982[0;39m [  ] [32m INFO[0;39m [35m29580[0;39m [2m---[0;39m [2m[  restartedMain][0;39m [36mcom.revature.Project1Application        [0;39m [2m:[0;39m No active profile set, falling back to default profiles: default
[2m2021-03-08 15:31:33.251[0;39m [  ] [32m INFO[0;39m [35m29580[0;39m [2m---[0;39m [2m[  restartedMain][0;39m [36mcom.revature.Project1Application        [0;39m [2m:[0;39m Started Project1Application in 10.135 seconds (JVM running for 13.115)
2021-03-08 15:49:50.089 [  ]  INFO 7444 --- [           main] com.revature.Project1ApplicationTests    : Starting Project1ApplicationTests using Java 1.8.0_281 on DESKTOP-5T0T0D3 with PID 7444 (started by Elizabeth in C:\Users\Elizabeth\Documents\Revature\mydir\MyProjects\Project1)
2021-03-08 15:49:50.165 [  ]  INFO 7444 --- [           main] com.revature.Project1ApplicationTests    : No active profile set, falling back to default profiles: default
2021-03-08 15:50:18.747 [  ]  INFO 7444 --- [           main] com.revature.Project1ApplicationTests    : Started Project1ApplicationTests in 30.18 seconds (JVM running for 34.505)
